2024-12-21 18:01:06 - [32minfo[39m: Creating configuration file...
2024-12-21 18:01:06 - [34mdebug[39m: requireModuleV3 :: module - selenium-webdriver/package.json, package - selenium-webdriver
2024-12-21 18:01:06 - [34mdebug[39m: Unable to resolve module with requireModuleV3 with error: Error: Cannot find module 'selenium-webdriver'
Require stack:
- C:\Users\Abcom\OneDrive\Desktop\Automation_Playwright\12thNov2024\Cucumber_Playwright\Playwright_Cucumber_Project\node_modules\browserstack-node-sdk\src\helpers\helper.js
- C:\Users\Abcom\OneDrive\Desktop\Automation_Playwright\12thNov2024\Cucumber_Playwright\Playwright_Cucumber_Project\node_modules\browserstack-node-sdk\src\bin\setup.js
2024-12-21 18:01:06 - [34mdebug[39m: requireModuleV2 :: module - selenium-webdriver/package.json, package - selenium-webdriver
2024-12-21 18:01:06 - [34mdebug[39m: Getting selenium-webdriver/package.json from C:\Users\Abcom\OneDrive\Desktop\Automation_Playwright\12thNov2024\Cucumber_Playwright\Playwright_Cucumber_Project
2024-12-21 18:01:06 - [34mdebug[39m: selenium-webdriver/package.json doesn't exist at C:\Users\Abcom\OneDrive\Desktop\Automation_Playwright\12thNov2024\Cucumber_Playwright\Playwright_Cucumber_Project
2024-12-21 18:01:06 - [34mdebug[39m: Getting selenium-webdriver/package.json from path C:\Users\Abcom\OneDrive\Desktop\Automation_Playwright\12thNov2024\Cucumber_Playwright\Playwright_Cucumber_Project
2024-12-21 18:01:06 - [34mdebug[39m: Getting selenium-webdriver/package.json from C:\Users\Abcom\AppData\Roaming\npm\node_modules
2024-12-21 18:01:06 - [34mdebug[39m: Error while loading package. Error: selenium-webdriver/package.json doesn't exist.
2024-12-21 18:01:06 - [34mdebug[39m: Firing SDK event for funnel data: {"userName":"automationtestin_CRMPTd","accessKey":"niy5pcwWRHxYdeQSkaQX","event_type":"SDKSetup","detectedFramework":"","optimalHubUrl":[],"event_properties":{"testhub_uuid":"","product_map":{"observability":true,"accessibility":false,"percy":false,"automate":true,"app_automate":false,"turboscale":false,"central_scanner":false},"productMap":{"observability":true,"accessibility":false,"percy":false,"automate":true,"app_automate":false,"turboscale":false,"central_scanner":false},"language_framework":"node-setup","referrer":"nodeagent/1.34.30","frameworkVersion":null,"language":"nodejs","product":["automate","observability"],"languageVersion":"v20.18.0","buildName":"browserstack build","buildIdentifier":"#${BUILD_NUMBER}","os":"Windows_NT","hostname":"PF4A59NC","seleniumVersion":null}}
2024-12-21 18:01:06 - [32minfo[39m: Adding new script(s) in package.json...
2024-12-21 18:01:06 - [32minfo[39m: Setup completed
2024-12-21 18:01:07 - [34mdebug[39m: API Event SDKSetup response - {"data":{"message":"SDK Event recorded successfully"},"body":"{\"message\":\"SDK Event recorded successfully\"}","statusCode":200}
2024-12-21 18:02:21 - [32minfo[39m: Reading configs from C:\Users\Abcom\OneDrive\Desktop\Automation_Playwright\12thNov2024\Cucumber_Playwright\Playwright_Cucumber_Project\browserstack.yml
2024-12-21 18:02:21 - [34mdebug[39m: requireModuleV3 :: module - @playwright/test/package.json, package - @playwright/test
2024-12-21 18:02:21 - [34mdebug[39m: requireModuleV2 :: module - @playwright/test/package.json, package - @playwright/test
2024-12-21 18:02:21 - [34mdebug[39m: requireModuleV3 :: module - playwright/lib/transform/transform.js, package - playwright
2024-12-21 18:02:21 - [34mdebug[39m: Resolved from resolveModuleV3 :: Path - C:\Users\Abcom\OneDrive\Desktop\Automation_Playwright\12thNov2024\Cucumber_Playwright\Playwright_Cucumber_Project\node_modules\playwright\lib\transform\transform.js
2024-12-21 18:02:21 - [34mdebug[39m: Firing SDK event for funnel data: {"userName":"automationtestin_CRMPTd","accessKey":"niy5pcwWRHxYdeQSkaQX","event_type":"SDKTestAttempted","detectedFramework":"Playwright","optimalHubUrl":[],"event_properties":{"testhub_uuid":"","product_map":{"observability":true,"accessibility":false,"percy":false,"automate":true,"app_automate":false,"turboscale":false,"central_scanner":false},"productMap":{"observability":true,"accessibility":false,"percy":false,"automate":true,"app_automate":false,"turboscale":false,"central_scanner":false},"language_framework":"unknown","referrer":"Playwright-nodeagent/1.34.30","frameworkVersion":"1.49.1","language":"nodejs","product":["automate","observability"],"languageVersion":"v20.18.0","buildName":"browserstack build","buildIdentifier":"#1","os":"Windows_NT","hostname":"PF4A59NC","playwrightVersion":{}}}
2024-12-21 18:02:21 - [32minfo[39m: Project and debug logs are captured by default. To disable, set disableAutoCaptureLogs: true in config.
2024-12-21 18:02:21 - [34mdebug[39m: Starting local binary
2024-12-21 18:02:30 - [32minfo[39m: Local binary started successfully
2024-12-21 18:02:30 - [34mdebug[39m: Response: {"hubs":["hub-aps.browserstack.com","hub-euw.browserstack.com","hub-apse.browserstack.com"]}
2024-12-21 18:02:30 - [34mdebug[39m: NEAREST HUBS: ["hub-aps.browserstack.com","hub-euw.browserstack.com","hub-apse.browserstack.com"]
2024-12-21 18:02:30 - [34mdebug[39m: Execution time for https://hub-aps.browserstack.com is: 136ms
2024-12-21 18:02:30 - [34mdebug[39m: API Event SDKTestAttempted response - {"data":{"message":"SDK Event recorded successfully"},"body":"{\"message\":\"SDK Event recorded successfully\"}","statusCode":200}
2024-12-21 18:02:31 - [34mdebug[39m: Execution time for https://hub-apse.browserstack.com is: 735ms
2024-12-21 18:02:31 - [34mdebug[39m: Execution time for https://hub-euw.browserstack.com is: 1620ms
2024-12-21 18:02:31 - [34mdebug[39m: HUB URL SET TO - https://hub-aps.browserstack.com
2024-12-21 18:02:31 - [34mdebug[39m: requireModuleV3 :: module - playwright/lib/common/configLoader.js, package - playwright
2024-12-21 18:02:31 - [34mdebug[39m: Resolved from resolveModuleV3 :: Path - C:\Users\Abcom\OneDrive\Desktop\Automation_Playwright\12thNov2024\Cucumber_Playwright\Playwright_Cucumber_Project\node_modules\playwright\lib\common\configLoader.js
2024-12-21 18:02:31 - [31merror[39m: Error: C:\Users\Abcom\OneDrive\Desktop\Automation_Playwright\12thNov2024\Cucumber_Playwright\Playwright_Cucumber_Project\=.\playwright.config.ts does not exist
    at resolveConfigFile (C:\Users\Abcom\OneDrive\Desktop\Automation_Playwright\12thNov2024\Cucumber_Playwright\Playwright_Cucumber_Project\node_modules\playwright\lib\common\configLoader.js:272:52)
    at resolveConfigLocation (C:\Users\Abcom\OneDrive\Desktop\Automation_Playwright\12thNov2024\Cucumber_Playwright\Playwright_Cucumber_Project\node_modules\playwright\lib\common\configLoader.js:256:30)
    at Object.owumD (C:\Users\Abcom\OneDrive\Desktop\Automation_Playwright\12thNov2024\Cucumber_Playwright\Playwright_Cucumber_Project\node_modules\browserstack-node-sdk\src\bin\playwright\command.js:2:4573)
    at getUserPlaywrightConfig (C:\Users\Abcom\OneDrive\Desktop\Automation_Playwright\12thNov2024\Cucumber_Playwright\Playwright_Cucumber_Project\node_modules\browserstack-node-sdk\src\bin\playwright\command.js:2:5099)
    at Object.AlvoY (C:\Users\Abcom\OneDrive\Desktop\Automation_Playwright\12thNov2024\Cucumber_Playwright\Playwright_Cucumber_Project\node_modules\browserstack-node-sdk\src\bin\playwright\command.js:2:8228)
    at run (C:\Users\Abcom\OneDrive\Desktop\Automation_Playwright\12thNov2024\Cucumber_Playwright\Playwright_Cucumber_Project\node_modules\browserstack-node-sdk\src\bin\playwright\command.js:2:11277)
    at process.processTicksAndRejections (node:internal/process/task_queues:95:5)
    at async captureError (C:\Users\Abcom\OneDrive\Desktop\Automation_Playwright\12thNov2024\Cucumber_Playwright\Playwright_Cucumber_Project\node_modules\browserstack-node-sdk\src\bin\runner.js:2:2832)
2024-12-21 18:02:31 - [34mdebug[39m: requireModuleV3 :: module - playwright/lib/transform/transform.js, package - playwright
2024-12-21 18:02:31 - [34mdebug[39m: Resolved from resolveModuleV3 :: Path - C:\Users\Abcom\OneDrive\Desktop\Automation_Playwright\12thNov2024\Cucumber_Playwright\Playwright_Cucumber_Project\node_modules\playwright\lib\transform\transform.js
2024-12-21 18:02:31 - [34mdebug[39m: Firing SDK event for funnel data: {"userName":"automationtestin_CRMPTd","accessKey":"niy5pcwWRHxYdeQSkaQX","event_type":"SDKTestSuccessful","detectedFramework":"Playwright","optimalHubUrl":[],"event_properties":{"testhub_uuid":"","product_map":{"observability":true,"accessibility":false,"percy":false,"automate":true,"app_automate":false,"turboscale":false,"central_scanner":false},"productMap":{"observability":true,"accessibility":false,"percy":false,"automate":true,"app_automate":false,"turboscale":false,"central_scanner":false},"language_framework":"unknown","referrer":"Playwright-nodeagent/1.34.30","frameworkVersion":"1.49.1","language":"nodejs","product":["automate","observability"],"languageVersion":"v20.18.0","buildName":"browserstack build","buildIdentifier":"#1","os":"Windows_NT","hostname":"PF4A59NC","globalException":"C:\\Users\\Abcom\\OneDrive\\Desktop\\Automation_Playwright\\12thNov2024\\Cucumber_Playwright\\Playwright_Cucumber_Project\\=.\\playwright.config.ts does not exist","browserStackConfig":{"platforms":[{"os":"OS X","osVersion":"Big Sur","browserName":"Chrome","browserVersion":"latest"},{"os":"Windows","osVersion":10,"browserName":"Edge","browserVersion":"latest"},{"deviceName":"Samsung Galaxy S22 Ultra","browserName":"chrome","osVersion":12}],"parallelsPerPlatform":1,"browserstackLocal":true,"testObservability":true,"testContextOptions":{"skipSessionStatus":false,"skipSessionName":false},"browserStackLocalOptions":{"localIdentifier":"21_Dec_1802_PF4A59NC_gnek","skipBinaryInitialisation":false},"proxySettings":{}},"playwrightVersion":{}}}
2024-12-21 18:02:32 - [34mdebug[39m: API Event SDKTestSuccessful response - {"data":{"message":"SDK Event recorded successfully"},"body":"{\"message\":\"SDK Event recorded successfully\"}","statusCode":200}
2024-12-21 18:02:32 - [34mdebug[39m: Stopping local binary
2024-12-21 18:02:35 - [32minfo[39m: Local binary stopped
2024-12-21 18:02:35 - [34mdebug[39m: Calling Build Stop from ExitHandler
